<?xml version="1.0" encoding="UTF-8"?>
<!-- Generated by org.testng.reporters.JUnitXMLReporter -->
<testsuite ignored="2" hostname="PSDLAP374" failures="0" tests="1" name="Default test" time="16.344" errors="0" timestamp="2025-02-20T14:03:14 IST">
  <testcase classname="Test.test" name="Validate_second_JOIN_US_button_click_TC_003" time="10.353"/>
  <testcase classname="Test.test" name="openGooglePage" time="0.0">
    <ignored/>
  </testcase> <!-- openGooglePage -->
  <testcase classname="Test.test" name="Search_feature" time="0.0">
    <ignored/>
  </testcase> <!-- Search_feature -->
</testsuite> <!-- Default test -->
