<?xml version="1.0" encoding="UTF-8"?>
<testng-results ignored="0" total="3" passed="3" failed="0" skipped="0">
  <reporter-output>
  </reporter-output>
  <suite started-at="2025-02-27T13:18:09 IST" name="Default suite" finished-at="2025-02-27T13:18:46 IST" duration-ms="36949">
    <groups>
    </groups>
    <test started-at="2025-02-27T13:18:09 IST" name="Default test" finished-at="2025-02-27T13:18:46 IST" duration-ms="36949">
      <class name="Test.test">
        <test-method is-config="true" signature="setup()[pri:0, instance:Test.test@6d5620ce]" started-at="2025-02-27T13:18:09 IST" name="setup" finished-at="2025-02-27T13:18:11 IST" duration-ms="2498" status="PASS">
          <reporter-output>
          </reporter-output>
        </test-method> <!-- setup -->
        <test-method signature="openGooglePage()[pri:1, instance:Test.test@6d5620ce]" started-at="2025-02-27T13:18:11 IST" name="openGooglePage" finished-at="2025-02-27T13:18:16 IST" duration-ms="4611" status="PASS">
          <reporter-output>
          </reporter-output>
        </test-method> <!-- openGooglePage -->
        <test-method is-config="true" signature="afterMethod()[pri:0, instance:Test.test@6d5620ce]" started-at="2025-02-27T13:18:16 IST" name="afterMethod" finished-at="2025-02-27T13:18:20 IST" duration-ms="4039" status="PASS">
          <reporter-output>
          </reporter-output>
        </test-method> <!-- afterMethod -->
        <test-method is-config="true" signature="setup()[pri:0, instance:Test.test@6d5620ce]" started-at="2025-02-27T13:18:20 IST" name="setup" finished-at="2025-02-27T13:18:22 IST" duration-ms="1722" status="PASS">
          <reporter-output>
          </reporter-output>
        </test-method> <!-- setup -->
        <test-method signature="Search_feature()[pri:2, instance:Test.test@6d5620ce]" started-at="2025-02-27T13:18:22 IST" name="Search_feature" finished-at="2025-02-27T13:18:26 IST" duration-ms="4660" status="PASS">
          <reporter-output>
          </reporter-output>
        </test-method> <!-- Search_feature -->
        <test-method is-config="true" signature="afterMethod()[pri:0, instance:Test.test@6d5620ce]" started-at="2025-02-27T13:18:26 IST" name="afterMethod" finished-at="2025-02-27T13:18:30 IST" duration-ms="3733" status="PASS">
          <reporter-output>
          </reporter-output>
        </test-method> <!-- afterMethod -->
        <test-method is-config="true" signature="setup()[pri:0, instance:Test.test@6d5620ce]" started-at="2025-02-27T13:18:30 IST" name="setup" finished-at="2025-02-27T13:18:32 IST" duration-ms="1625" status="PASS">
          <reporter-output>
          </reporter-output>
        </test-method> <!-- setup -->
        <test-method signature="Validate_second_JOIN_US_button_click_TC_003()[pri:3, instance:Test.test@6d5620ce]" started-at="2025-02-27T13:18:32 IST" name="Validate_second_JOIN_US_button_click_TC_003" finished-at="2025-02-27T13:18:42 IST" duration-ms="10061" status="PASS">
          <reporter-output>
          </reporter-output>
        </test-method> <!-- Validate_second_JOIN_US_button_click_TC_003 -->
        <test-method is-config="true" signature="afterMethod()[pri:0, instance:Test.test@6d5620ce]" started-at="2025-02-27T13:18:42 IST" name="afterMethod" finished-at="2025-02-27T13:18:46 IST" duration-ms="3942" status="PASS">
          <reporter-output>
          </reporter-output>
        </test-method> <!-- afterMethod -->
      </class> <!-- Test.test -->
    </test> <!-- Default test -->
  </suite> <!-- Default suite -->
</testng-results>
